INF [20140220-23:54:54.776] finatra: finatra process 68553 started
INF [20140220-23:54:54.779] finatra: http server started on port: :7070
INF [20140220-23:54:56.261] finatra: admin http server started on port: :9990
INF [20140220-23:58:13.071] finatra: finatra process 68569 started
INF [20140220-23:58:13.074] finatra: http server started on port: :7070
INF [20140220-23:58:13.906] finatra: admin http server started on port: :9990
INF [20140221-00:00:56.733] finatra: finatra process 68617 started
INF [20140221-00:00:56.735] finatra: http server started on port: :7070
INF [20140221-00:00:57.447] finatra: admin http server started on port: :9990
INF [20140221-00:01:27.302] finatra: GET / 200 65ms
INF [20140221-00:01:33.863] finatra: GET /foo 200 3ms
INF [20140221-00:01:40.384] finatra: GET /users 200 691ms
INF [20140221-00:01:46.841] finatra: GET /users 200 26ms
INF [20140221-00:01:51.027] finatra: GET /users 200 27ms
INF [20140221-00:22:51.039] finatra: finatra process 68669 started
INF [20140221-00:22:51.041] finatra: http server started on port: :7070
INF [20140221-00:22:51.794] finatra: admin http server started on port: :9990
ERR [20140221-00:25:08.322] finatra: Internal Server Error
ERR [20140221-00:25:08.322] finatra: java.lang.IllegalArgumentException: Unknown contact
ERR [20140221-00:25:08.322] finatra:     at com.globo.cadun.graph.UserController$$anonfun$3.apply(UserController.scala:35)
ERR [20140221-00:25:08.322] finatra:     at com.globo.cadun.graph.UserController$$anonfun$3.apply(UserController.scala:22)
ERR [20140221-00:25:08.322] finatra:     at com.twitter.finatra.Controller$$anonfun$addRoute$1$$anonfun$apply$1.apply(Controller.scala:90)
ERR [20140221-00:25:08.322] finatra:     at com.twitter.finatra.Controller$$anonfun$addRoute$1$$anonfun$apply$1.apply(Controller.scala:90)
ERR [20140221-00:25:08.322] finatra:     at com.twitter.finagle.stats.StatsReceiver$class.timeFuture(StatsReceiver.scala:79)
ERR [20140221-00:25:08.322] finatra:     at com.twitter.finagle.stats.NameTranslatingStatsReceiver.timeFuture(StatsReceiver.scala:180)
ERR [20140221-00:25:08.322] finatra:     at com.twitter.finagle.stats.StatsReceiver$class.timeFuture(StatsReceiver.scala:88)
ERR [20140221-00:25:08.322] finatra:     at com.twitter.finagle.stats.NameTranslatingStatsReceiver.timeFuture(StatsReceiver.scala:180)
ERR [20140221-00:25:08.322] finatra:     at com.twitter.finagle.stats.StatsReceiver$class.timeFuture(StatsReceiver.scala:95)
ERR [20140221-00:25:08.322] finatra:     at com.twitter.finagle.stats.NameTranslatingStatsReceiver.timeFuture(StatsReceiver.scala:180)
ERR [20140221-00:25:08.322] finatra:     at com.twitter.finatra.Controller$$anonfun$addRoute$1.apply(Controller.scala:89)
ERR [20140221-00:25:08.322] finatra:     at com.twitter.finatra.Controller$$anonfun$addRoute$1.apply(Controller.scala:88)
ERR [20140221-00:25:08.322] finatra:     at com.twitter.finatra.Router.dispatchRouteOrCallback(Router.scala:33)
ERR [20140221-00:25:08.322] finatra:     at com.twitter.finatra.Router.dispatch(Router.scala:14)
ERR [20140221-00:25:08.322] finatra:     at com.twitter.finatra.ControllerCollection$$anonfun$dispatch$1.apply(ControllerCollection.scala:29)
ERR [20140221-00:25:08.322] finatra:     at com.twitter.finatra.ControllerCollection$$anonfun$dispatch$1.apply(ControllerCollection.scala:28)
ERR [20140221-00:25:08.322] finatra:     at scala.collection.LinearSeqOptimized$class.find(LinearSeqOptimized.scala:100)
ERR [20140221-00:25:08.322] finatra:     at scala.collection.immutable.List.find(List.scala:84)
ERR [20140221-00:25:08.322] finatra:     at com.twitter.finatra.ControllerCollection.dispatch(ControllerCollection.scala:28)
ERR [20140221-00:25:08.322] finatra:     at com.twitter.finatra.AppService.attemptRequest(AppService.scala:51)
ERR [20140221-00:25:08.322] finatra:     at com.twitter.finatra.AppService.apply(AppService.scala:38)
ERR [20140221-00:25:08.322] finatra:     at com.twitter.finatra.AppService.apply(AppService.scala:23)
ERR [20140221-00:25:08.322] finatra:     at com.twitter.finagle.Service$$anon$1.apply(Service.scala:14)
ERR [20140221-00:25:08.322] finatra:     at com.twitter.finatra.FileService.apply(FileService.scala:120)
ERR [20140221-00:25:08.322] finatra:     at com.twitter.finatra.FileService.apply(FileService.scala:85)
ERR [20140221-00:25:08.322] finatra:     at com.twitter.finagle.Filter$$anon$2.apply(Filter.scala:69)
ERR [20140221-00:25:08.322] finatra:     at com.twitter.finagle.Service$$anon$1.apply(Service.scala:14)
ERR [20140221-00:25:08.322] finatra:     at com.twitter.finatra.LoggingFilter.apply(LoggingFilter.scala:11)
ERR [20140221-00:25:08.322] finatra:     at com.twitter.finatra.LoggingFilter.apply(LoggingFilter.scala:8)
ERR [20140221-00:25:08.322] finatra:     at com.twitter.finagle.Filter$$anon$2.apply(Filter.scala:69)
ERR [20140221-00:25:08.322] finatra:     (...more...)
INF [20140221-00:25:08.355] finatra: POST /users 400 103ms
ERR [20140221-00:28:03.527] finatra: Internal Server Error
ERR [20140221-00:28:03.527] finatra: java.lang.IllegalArgumentException: Unknown contact
ERR [20140221-00:28:03.527] finatra:     at com.globo.cadun.graph.UserController$$anonfun$3.apply(UserController.scala:35)
ERR [20140221-00:28:03.527] finatra:     at com.globo.cadun.graph.UserController$$anonfun$3.apply(UserController.scala:22)
ERR [20140221-00:28:03.527] finatra:     at com.twitter.finatra.Controller$$anonfun$addRoute$1$$anonfun$apply$1.apply(Controller.scala:90)
ERR [20140221-00:28:03.527] finatra:     at com.twitter.finatra.Controller$$anonfun$addRoute$1$$anonfun$apply$1.apply(Controller.scala:90)
ERR [20140221-00:28:03.527] finatra:     at com.twitter.finagle.stats.StatsReceiver$class.timeFuture(StatsReceiver.scala:79)
ERR [20140221-00:28:03.527] finatra:     at com.twitter.finagle.stats.NameTranslatingStatsReceiver.timeFuture(StatsReceiver.scala:180)
ERR [20140221-00:28:03.527] finatra:     at com.twitter.finagle.stats.StatsReceiver$class.timeFuture(StatsReceiver.scala:88)
ERR [20140221-00:28:03.527] finatra:     at com.twitter.finagle.stats.NameTranslatingStatsReceiver.timeFuture(StatsReceiver.scala:180)
ERR [20140221-00:28:03.527] finatra:     at com.twitter.finagle.stats.StatsReceiver$class.timeFuture(StatsReceiver.scala:95)
ERR [20140221-00:28:03.527] finatra:     at com.twitter.finagle.stats.NameTranslatingStatsReceiver.timeFuture(StatsReceiver.scala:180)
ERR [20140221-00:28:03.527] finatra:     at com.twitter.finatra.Controller$$anonfun$addRoute$1.apply(Controller.scala:89)
ERR [20140221-00:28:03.527] finatra:     at com.twitter.finatra.Controller$$anonfun$addRoute$1.apply(Controller.scala:88)
ERR [20140221-00:28:03.527] finatra:     at com.twitter.finatra.Router.dispatchRouteOrCallback(Router.scala:33)
ERR [20140221-00:28:03.527] finatra:     at com.twitter.finatra.Router.dispatch(Router.scala:14)
ERR [20140221-00:28:03.527] finatra:     at com.twitter.finatra.ControllerCollection$$anonfun$dispatch$1.apply(ControllerCollection.scala:29)
ERR [20140221-00:28:03.527] finatra:     at com.twitter.finatra.ControllerCollection$$anonfun$dispatch$1.apply(ControllerCollection.scala:28)
ERR [20140221-00:28:03.527] finatra:     at scala.collection.LinearSeqOptimized$class.find(LinearSeqOptimized.scala:100)
ERR [20140221-00:28:03.527] finatra:     at scala.collection.immutable.List.find(List.scala:84)
ERR [20140221-00:28:03.527] finatra:     at com.twitter.finatra.ControllerCollection.dispatch(ControllerCollection.scala:28)
ERR [20140221-00:28:03.527] finatra:     at com.twitter.finatra.AppService.attemptRequest(AppService.scala:51)
ERR [20140221-00:28:03.527] finatra:     at com.twitter.finatra.AppService.apply(AppService.scala:38)
ERR [20140221-00:28:03.527] finatra:     at com.twitter.finatra.AppService.apply(AppService.scala:23)
ERR [20140221-00:28:03.527] finatra:     at com.twitter.finagle.Service$$anon$1.apply(Service.scala:14)
ERR [20140221-00:28:03.527] finatra:     at com.twitter.finatra.FileService.apply(FileService.scala:120)
ERR [20140221-00:28:03.527] finatra:     at com.twitter.finatra.FileService.apply(FileService.scala:85)
ERR [20140221-00:28:03.527] finatra:     at com.twitter.finagle.Filter$$anon$2.apply(Filter.scala:69)
ERR [20140221-00:28:03.527] finatra:     at com.twitter.finagle.Service$$anon$1.apply(Service.scala:14)
ERR [20140221-00:28:03.527] finatra:     at com.twitter.finatra.LoggingFilter.apply(LoggingFilter.scala:11)
ERR [20140221-00:28:03.527] finatra:     at com.twitter.finatra.LoggingFilter.apply(LoggingFilter.scala:8)
ERR [20140221-00:28:03.527] finatra:     at com.twitter.finagle.Filter$$anon$2.apply(Filter.scala:69)
ERR [20140221-00:28:03.527] finatra:     (...more...)
INF [20140221-00:28:03.538] finatra: POST /users 400 12ms
INF [20140221-00:28:18.701] finatra: finatra process 68682 started
INF [20140221-00:28:18.703] finatra: http server started on port: :7070
INF [20140221-00:28:19.517] finatra: admin http server started on port: :9990
ERR [20140221-00:28:24.193] finatra: Internal Server Error
ERR [20140221-00:28:24.193] finatra: java.lang.IllegalArgumentException: Unknown user
ERR [20140221-00:28:24.193] finatra:     at com.globo.cadun.graph.UserController$$anonfun$3.apply(UserController.scala:35)
ERR [20140221-00:28:24.193] finatra:     at com.globo.cadun.graph.UserController$$anonfun$3.apply(UserController.scala:22)
ERR [20140221-00:28:24.193] finatra:     at com.twitter.finatra.Controller$$anonfun$addRoute$1$$anonfun$apply$1.apply(Controller.scala:90)
ERR [20140221-00:28:24.193] finatra:     at com.twitter.finatra.Controller$$anonfun$addRoute$1$$anonfun$apply$1.apply(Controller.scala:90)
ERR [20140221-00:28:24.193] finatra:     at com.twitter.finagle.stats.StatsReceiver$class.timeFuture(StatsReceiver.scala:79)
ERR [20140221-00:28:24.193] finatra:     at com.twitter.finagle.stats.NameTranslatingStatsReceiver.timeFuture(StatsReceiver.scala:180)
ERR [20140221-00:28:24.193] finatra:     at com.twitter.finagle.stats.StatsReceiver$class.timeFuture(StatsReceiver.scala:88)
ERR [20140221-00:28:24.193] finatra:     at com.twitter.finagle.stats.NameTranslatingStatsReceiver.timeFuture(StatsReceiver.scala:180)
ERR [20140221-00:28:24.193] finatra:     at com.twitter.finagle.stats.StatsReceiver$class.timeFuture(StatsReceiver.scala:95)
ERR [20140221-00:28:24.193] finatra:     at com.twitter.finagle.stats.NameTranslatingStatsReceiver.timeFuture(StatsReceiver.scala:180)
ERR [20140221-00:28:24.193] finatra:     at com.twitter.finatra.Controller$$anonfun$addRoute$1.apply(Controller.scala:89)
ERR [20140221-00:28:24.193] finatra:     at com.twitter.finatra.Controller$$anonfun$addRoute$1.apply(Controller.scala:88)
ERR [20140221-00:28:24.193] finatra:     at com.twitter.finatra.Router.dispatchRouteOrCallback(Router.scala:33)
ERR [20140221-00:28:24.193] finatra:     at com.twitter.finatra.Router.dispatch(Router.scala:14)
ERR [20140221-00:28:24.193] finatra:     at com.twitter.finatra.ControllerCollection$$anonfun$dispatch$1.apply(ControllerCollection.scala:29)
ERR [20140221-00:28:24.193] finatra:     at com.twitter.finatra.ControllerCollection$$anonfun$dispatch$1.apply(ControllerCollection.scala:28)
ERR [20140221-00:28:24.193] finatra:     at scala.collection.LinearSeqOptimized$class.find(LinearSeqOptimized.scala:100)
ERR [20140221-00:28:24.193] finatra:     at scala.collection.immutable.List.find(List.scala:84)
ERR [20140221-00:28:24.193] finatra:     at com.twitter.finatra.ControllerCollection.dispatch(ControllerCollection.scala:28)
ERR [20140221-00:28:24.193] finatra:     at com.twitter.finatra.AppService.attemptRequest(AppService.scala:51)
ERR [20140221-00:28:24.193] finatra:     at com.twitter.finatra.AppService.apply(AppService.scala:38)
ERR [20140221-00:28:24.193] finatra:     at com.twitter.finatra.AppService.apply(AppService.scala:23)
ERR [20140221-00:28:24.193] finatra:     at com.twitter.finagle.Service$$anon$1.apply(Service.scala:14)
ERR [20140221-00:28:24.193] finatra:     at com.twitter.finatra.FileService.apply(FileService.scala:120)
ERR [20140221-00:28:24.193] finatra:     at com.twitter.finatra.FileService.apply(FileService.scala:85)
ERR [20140221-00:28:24.193] finatra:     at com.twitter.finagle.Filter$$anon$2.apply(Filter.scala:69)
ERR [20140221-00:28:24.193] finatra:     at com.twitter.finagle.Service$$anon$1.apply(Service.scala:14)
ERR [20140221-00:28:24.193] finatra:     at com.twitter.finatra.LoggingFilter.apply(LoggingFilter.scala:11)
ERR [20140221-00:28:24.193] finatra:     at com.twitter.finatra.LoggingFilter.apply(LoggingFilter.scala:8)
ERR [20140221-00:28:24.193] finatra:     at com.twitter.finagle.Filter$$anon$2.apply(Filter.scala:69)
ERR [20140221-00:28:24.193] finatra:     (...more...)
INF [20140221-00:28:24.519] finatra: POST /users 400 401ms
INF [20140221-00:33:17.796] finatra: finatra process 68692 started
INF [20140221-00:33:17.800] finatra: http server started on port: :7070
INF [20140221-00:33:18.617] finatra: admin http server started on port: :9990
INF [20140221-00:39:10.642] finatra: finatra process 68708 started
INF [20140221-00:39:10.645] finatra: http server started on port: :7070
INF [20140221-00:39:11.611] finatra: admin http server started on port: :9990
INF [20140221-00:42:12.051] finatra: finatra process 68716 started
INF [20140221-00:42:12.055] finatra: http server started on port: :7070
INF [20140221-00:42:13.027] finatra: admin http server started on port: :9990
INF [20140221-00:42:43.383] finatra: finatra process 68723 started
INF [20140221-00:42:43.387] finatra: http server started on port: :7070
INF [20140221-00:42:44.254] finatra: admin http server started on port: :9990
ERR [20140221-00:42:51.270] finatra: Internal Server Error
ERR [20140221-00:42:51.270] finatra: java.lang.ClassCastException: java.lang.Double cannot be cast to java.lang.String
ERR [20140221-00:42:51.270] finatra:     at com.globo.cadun.graph.UserController$$anonfun$3$$anonfun$4.apply(UserController.scala:27)
ERR [20140221-00:42:51.270] finatra:     at scala.Option.flatMap(Option.scala:170)
ERR [20140221-00:42:51.270] finatra:     at com.globo.cadun.graph.UserController$$anonfun$3.apply(UserController.scala:27)
ERR [20140221-00:42:51.270] finatra:     at com.globo.cadun.graph.UserController$$anonfun$3.apply(UserController.scala:23)
ERR [20140221-00:42:51.270] finatra:     at com.twitter.finatra.Controller$$anonfun$addRoute$1$$anonfun$apply$1.apply(Controller.scala:90)
ERR [20140221-00:42:51.270] finatra:     at com.twitter.finatra.Controller$$anonfun$addRoute$1$$anonfun$apply$1.apply(Controller.scala:90)
ERR [20140221-00:42:51.270] finatra:     at com.twitter.finagle.stats.StatsReceiver$class.timeFuture(StatsReceiver.scala:79)
ERR [20140221-00:42:51.270] finatra:     at com.twitter.finagle.stats.NameTranslatingStatsReceiver.timeFuture(StatsReceiver.scala:180)
ERR [20140221-00:42:51.270] finatra:     at com.twitter.finagle.stats.StatsReceiver$class.timeFuture(StatsReceiver.scala:88)
ERR [20140221-00:42:51.270] finatra:     at com.twitter.finagle.stats.NameTranslatingStatsReceiver.timeFuture(StatsReceiver.scala:180)
ERR [20140221-00:42:51.270] finatra:     at com.twitter.finagle.stats.StatsReceiver$class.timeFuture(StatsReceiver.scala:95)
ERR [20140221-00:42:51.270] finatra:     at com.twitter.finagle.stats.NameTranslatingStatsReceiver.timeFuture(StatsReceiver.scala:180)
ERR [20140221-00:42:51.270] finatra:     at com.twitter.finatra.Controller$$anonfun$addRoute$1.apply(Controller.scala:89)
ERR [20140221-00:42:51.270] finatra:     at com.twitter.finatra.Controller$$anonfun$addRoute$1.apply(Controller.scala:88)
ERR [20140221-00:42:51.270] finatra:     at com.twitter.finatra.Router.dispatchRouteOrCallback(Router.scala:33)
ERR [20140221-00:42:51.270] finatra:     at com.twitter.finatra.Router.dispatch(Router.scala:14)
ERR [20140221-00:42:51.270] finatra:     at com.twitter.finatra.ControllerCollection$$anonfun$dispatch$1.apply(ControllerCollection.scala:29)
ERR [20140221-00:42:51.270] finatra:     at com.twitter.finatra.ControllerCollection$$anonfun$dispatch$1.apply(ControllerCollection.scala:28)
ERR [20140221-00:42:51.270] finatra:     at scala.collection.LinearSeqOptimized$class.find(LinearSeqOptimized.scala:100)
ERR [20140221-00:42:51.270] finatra:     at scala.collection.immutable.List.find(List.scala:84)
ERR [20140221-00:42:51.270] finatra:     at com.twitter.finatra.ControllerCollection.dispatch(ControllerCollection.scala:28)
ERR [20140221-00:42:51.270] finatra:     at com.twitter.finatra.AppService.attemptRequest(AppService.scala:51)
ERR [20140221-00:42:51.270] finatra:     at com.twitter.finatra.AppService.apply(AppService.scala:38)
ERR [20140221-00:42:51.270] finatra:     at com.twitter.finatra.AppService.apply(AppService.scala:23)
ERR [20140221-00:42:51.270] finatra:     at com.twitter.finagle.Service$$anon$1.apply(Service.scala:14)
ERR [20140221-00:42:51.270] finatra:     at com.twitter.finatra.FileService.apply(FileService.scala:120)
ERR [20140221-00:42:51.270] finatra:     at com.twitter.finatra.FileService.apply(FileService.scala:85)
ERR [20140221-00:42:51.270] finatra:     at com.twitter.finagle.Filter$$anon$2.apply(Filter.scala:69)
ERR [20140221-00:42:51.270] finatra:     at com.twitter.finagle.Service$$anon$1.apply(Service.scala:14)
ERR [20140221-00:42:51.270] finatra:     at com.twitter.finatra.LoggingFilter.apply(LoggingFilter.scala:11)
ERR [20140221-00:42:51.270] finatra:     (...more...)
INF [20140221-00:42:51.306] finatra: POST /users 500 202ms
INF [20140221-09:38:45.722] finatra: finatra process 69098 started
INF [20140221-09:38:45.757] finatra: http server started on port: :7070
INF [20140221-09:38:53.632] finatra: admin http server started on port: :9990
ERR [20140221-09:39:03.336] finatra: Internal Server Error
ERR [20140221-09:39:03.336] finatra: java.lang.ClassCastException: java.lang.Double cannot be cast to java.lang.Long
ERR [20140221-09:39:03.336] finatra:     at scala.runtime.BoxesRunTime.unboxToLong(BoxesRunTime.java:110)
ERR [20140221-09:39:03.336] finatra:     at com.globo.cadun.graph.UserController$$anonfun$3.apply(UserController.scala:35)
ERR [20140221-09:39:03.336] finatra:     at com.globo.cadun.graph.UserController$$anonfun$3.apply(UserController.scala:23)
ERR [20140221-09:39:03.336] finatra:     at com.twitter.finatra.Controller$$anonfun$addRoute$1$$anonfun$apply$1.apply(Controller.scala:90)
ERR [20140221-09:39:03.336] finatra:     at com.twitter.finatra.Controller$$anonfun$addRoute$1$$anonfun$apply$1.apply(Controller.scala:90)
ERR [20140221-09:39:03.336] finatra:     at com.twitter.finagle.stats.StatsReceiver$class.timeFuture(StatsReceiver.scala:79)
ERR [20140221-09:39:03.336] finatra:     at com.twitter.finagle.stats.NameTranslatingStatsReceiver.timeFuture(StatsReceiver.scala:180)
ERR [20140221-09:39:03.336] finatra:     at com.twitter.finagle.stats.StatsReceiver$class.timeFuture(StatsReceiver.scala:88)
ERR [20140221-09:39:03.336] finatra:     at com.twitter.finagle.stats.NameTranslatingStatsReceiver.timeFuture(StatsReceiver.scala:180)
ERR [20140221-09:39:03.336] finatra:     at com.twitter.finagle.stats.StatsReceiver$class.timeFuture(StatsReceiver.scala:95)
ERR [20140221-09:39:03.336] finatra:     at com.twitter.finagle.stats.NameTranslatingStatsReceiver.timeFuture(StatsReceiver.scala:180)
ERR [20140221-09:39:03.336] finatra:     at com.twitter.finatra.Controller$$anonfun$addRoute$1.apply(Controller.scala:89)
ERR [20140221-09:39:03.336] finatra:     at com.twitter.finatra.Controller$$anonfun$addRoute$1.apply(Controller.scala:88)
ERR [20140221-09:39:03.336] finatra:     at com.twitter.finatra.Router.dispatchRouteOrCallback(Router.scala:33)
ERR [20140221-09:39:03.336] finatra:     at com.twitter.finatra.Router.dispatch(Router.scala:14)
ERR [20140221-09:39:03.336] finatra:     at com.twitter.finatra.ControllerCollection$$anonfun$dispatch$1.apply(ControllerCollection.scala:29)
ERR [20140221-09:39:03.336] finatra:     at com.twitter.finatra.ControllerCollection$$anonfun$dispatch$1.apply(ControllerCollection.scala:28)
ERR [20140221-09:39:03.336] finatra:     at scala.collection.LinearSeqOptimized$class.find(LinearSeqOptimized.scala:100)
ERR [20140221-09:39:03.336] finatra:     at scala.collection.immutable.List.find(List.scala:84)
ERR [20140221-09:39:03.336] finatra:     at com.twitter.finatra.ControllerCollection.dispatch(ControllerCollection.scala:28)
ERR [20140221-09:39:03.336] finatra:     at com.twitter.finatra.AppService.attemptRequest(AppService.scala:51)
ERR [20140221-09:39:03.336] finatra:     at com.twitter.finatra.AppService.apply(AppService.scala:38)
ERR [20140221-09:39:03.336] finatra:     at com.twitter.finatra.AppService.apply(AppService.scala:23)
ERR [20140221-09:39:03.336] finatra:     at com.twitter.finagle.Service$$anon$1.apply(Service.scala:14)
ERR [20140221-09:39:03.336] finatra:     at com.twitter.finatra.FileService.apply(FileService.scala:120)
ERR [20140221-09:39:03.336] finatra:     at com.twitter.finatra.FileService.apply(FileService.scala:85)
ERR [20140221-09:39:03.336] finatra:     at com.twitter.finagle.Filter$$anon$2.apply(Filter.scala:69)
ERR [20140221-09:39:03.336] finatra:     at com.twitter.finagle.Service$$anon$1.apply(Service.scala:14)
ERR [20140221-09:39:03.336] finatra:     at com.twitter.finatra.LoggingFilter.apply(LoggingFilter.scala:11)
ERR [20140221-09:39:03.336] finatra:     at com.twitter.finatra.LoggingFilter.apply(LoggingFilter.scala:8)
ERR [20140221-09:39:03.336] finatra:     (...more...)
INF [20140221-09:39:03.425] finatra: POST /users 500 388ms
INF [20140221-09:39:58.032] finatra: finatra process 69105 started
INF [20140221-09:39:58.035] finatra: http server started on port: :7070
INF [20140221-09:39:58.826] finatra: admin http server started on port: :9990
INF [20140221-09:43:32.204] finatra: finatra process 69113 started
INF [20140221-09:43:32.209] finatra: http server started on port: :7070
INF [20140221-09:43:33.256] finatra: admin http server started on port: :9990
INF [20140221-09:43:50.092] finatra: POST /users 201 1232ms
INF [20140221-09:44:06.512] finatra: GET /users 200 2207ms
INF [20140221-09:58:21.244] finatra: finatra process 69130 started
INF [20140221-09:58:21.247] finatra: http server started on port: :7070
INF [20140221-09:58:22.197] finatra: admin http server started on port: :9990
INF [20140221-09:58:39.898] finatra: GET /users/3 200 668ms
INF [20140221-09:58:48.723] finatra: GET /users/ 404 2ms
INF [20140221-09:58:53.442] finatra: GET /users 200 32ms
INF [20140221-09:59:31.753] finatra: POST /users 201 157ms
INF [20140221-09:59:38.406] finatra: GET /users 200 31ms
INF [20140221-10:01:28.540] finatra: GET /users/7 200 25ms
INF [20140221-10:03:25.539] finatra: GET /users/2 200 29ms
